<?xml version="1.0" encoding="UTF-8"?>
<!-- Generated by org.testng.reporters.JUnitReportReporter -->
<testsuite skipped="0" hostname="harshit" name="test.TestFramework" tests="1" failures="0" timestamp="25 May 2020 18:11:48 GMT" time="1.976" errors="0">
  <testcase name="ashu" time="1.976" classname="test.TestFramework"/>
</testsuite> <!-- test.TestFramework -->
