<?xml version="1.0" encoding="UTF-8"?>
<!-- Generated by org.testng.reporters.JUnitReportReporter -->
<testsuite skipped="0" hostname="harshit" name="test.TestActitime" tests="4" failures="0" timestamp="26 May 2020 20:45:14 GMT" time="38.449" errors="0">
  <testcase name="login" time="1.268" classname="test.TestActitime"/>
  <testcase name="createCustomer" time="11.524" classname="test.TestActitime"/>
  <testcase name="createWork" time="13.324" classname="test.TestActitime"/>
  <testcase name="createLeave" time="12.333" classname="test.TestActitime"/>
</testsuite> <!-- test.TestActitime -->
