<?xml version="1.0" encoding="UTF-8"?>
<!-- Generated by org.testng.reporters.JUnitReportReporter -->
<testsuite skipped="0" hostname="harshit" name="test.TestFacebookSignUp" tests="1" failures="0" timestamp="25 May 2020 18:12:15 GMT" time="3.223" errors="0">
  <testcase name="signUp" time="3.223" classname="test.TestFacebookSignUp"/>
</testsuite> <!-- test.TestFacebookSignUp -->
