<?xml version="1.0" encoding="UTF-8"?>
<!-- Generated by org.testng.reporters.JUnitReportReporter -->
<testsuite skipped="0" hostname="harshit" name="test.TestYahooSignUp" tests="1" failures="0" timestamp="25 May 2020 18:59:26 GMT" time="4.471" errors="0">
  <testcase name="signUp" time="4.471" classname="test.TestYahooSignUp"/>
</testsuite> <!-- test.TestYahooSignUp -->
